<?xml version="1.0" encoding="UTF-8"?>
<testsuite name="challenge.SubmitTest" tests="6" skipped="0" failures="0" errors="0" timestamp="2019-02-18T04:28:36" hostname="DESKTOP-PB2OSN8" time="21.051">
  <properties/>
  <testcase name="q1" classname="challenge.SubmitTest" time="20.869"/>
  <testcase name="q2" classname="challenge.SubmitTest" time="0.019"/>
  <testcase name="q3" classname="challenge.SubmitTest" time="0.001"/>
  <testcase name="q4" classname="challenge.SubmitTest" time="0.044"/>
  <testcase name="q5" classname="challenge.SubmitTest" time="0.089"/>
  <testcase name="q6" classname="challenge.SubmitTest" time="0.027"/>
  <system-out><![CDATA[]]></system-out>
  <system-err><![CDATA[]]></system-err>
</testsuite>
